Determining if the pthread_create exist failed with the following output:
Change Dir: /home/routedan/workspace/go/src/github.com/elz-lang/elz/elzc/build/CMakeFiles/CMakeTmp

Run Build Command:"/usr/bin/make" "cmTC_5722c/fast"
/usr/bin/make -f CMakeFiles/cmTC_5722c.dir/build.make CMakeFiles/cmTC_5722c.dir/build
make[1]: Entering directory '/home/routedan/workspace/go/src/github.com/elz-lang/elz/elzc/build/CMakeFiles/CMakeTmp'
Building C object CMakeFiles/cmTC_5722c.dir/CheckSymbolExists.c.o
/usr/bin/cc    -o CMakeFiles/cmTC_5722c.dir/CheckSymbolExists.c.o   -c /home/routedan/workspace/go/src/github.com/elz-lang/elz/elzc/build/CMakeFiles/CMakeTmp/CheckSymbolExists.c
Linking C executable cmTC_5722c
/usr/local/bin/cmake -E cmake_link_script CMakeFiles/cmTC_5722c.dir/link.txt --verbose=1
/usr/bin/cc      CMakeFiles/cmTC_5722c.dir/CheckSymbolExists.c.o  -o cmTC_5722c 
CMakeFiles/cmTC_5722c.dir/CheckSymbolExists.c.o: In function `main':
CheckSymbolExists.c:(.text+0x16): undefined reference to `pthread_create'
collect2: error: ld returned 1 exit status
CMakeFiles/cmTC_5722c.dir/build.make:97: recipe for target 'cmTC_5722c' failed
make[1]: *** [cmTC_5722c] Error 1
make[1]: Leaving directory '/home/routedan/workspace/go/src/github.com/elz-lang/elz/elzc/build/CMakeFiles/CMakeTmp'
Makefile:126: recipe for target 'cmTC_5722c/fast' failed
make: *** [cmTC_5722c/fast] Error 2

File /home/routedan/workspace/go/src/github.com/elz-lang/elz/elzc/build/CMakeFiles/CMakeTmp/CheckSymbolExists.c:
/* */
#include <pthread.h>

int main(int argc, char** argv)
{
  (void)argv;
#ifndef pthread_create
  return ((int*)(&pthread_create))[argc];
#else
  (void)argc;
  return 0;
#endif
}

Determining if the function pthread_create exists in the pthreads failed with the following output:
Change Dir: /home/routedan/workspace/go/src/github.com/elz-lang/elz/elzc/build/CMakeFiles/CMakeTmp

Run Build Command:"/usr/bin/make" "cmTC_1a4fa/fast"
/usr/bin/make -f CMakeFiles/cmTC_1a4fa.dir/build.make CMakeFiles/cmTC_1a4fa.dir/build
make[1]: Entering directory '/home/routedan/workspace/go/src/github.com/elz-lang/elz/elzc/build/CMakeFiles/CMakeTmp'
Building C object CMakeFiles/cmTC_1a4fa.dir/CheckFunctionExists.c.o
/usr/bin/cc   -DCHECK_FUNCTION_EXISTS=pthread_create   -o CMakeFiles/cmTC_1a4fa.dir/CheckFunctionExists.c.o   -c /usr/local/share/cmake-3.9/Modules/CheckFunctionExists.c
Linking C executable cmTC_1a4fa
/usr/local/bin/cmake -E cmake_link_script CMakeFiles/cmTC_1a4fa.dir/link.txt --verbose=1
/usr/bin/cc  -DCHECK_FUNCTION_EXISTS=pthread_create    CMakeFiles/cmTC_1a4fa.dir/CheckFunctionExists.c.o  -o cmTC_1a4fa -lpthreads 
/usr/bin/ld: cannot find -lpthreads
collect2: error: ld returned 1 exit status
CMakeFiles/cmTC_1a4fa.dir/build.make:97: recipe for target 'cmTC_1a4fa' failed
make[1]: *** [cmTC_1a4fa] Error 1
make[1]: Leaving directory '/home/routedan/workspace/go/src/github.com/elz-lang/elz/elzc/build/CMakeFiles/CMakeTmp'
Makefile:126: recipe for target 'cmTC_1a4fa/fast' failed
make: *** [cmTC_1a4fa/fast] Error 2


